<?xml version="1.0" encoding="UTF-8"?>
<!-- Generated by org.testng.reporters.JUnitXMLReporter -->
<testsuite ignored="2" hostname="DESKTOP-S16N51Q" failures="1" tests="2" name="Test" time="21.784" errors="0" timestamp="2025-08-04T11:18:52 IST">
  <testcase classname="books.TC_DWS_001_Test" name="clickOnBooks" time="0.047">
    <failure type="java.lang.AssertionError" message="Books page is not displayed expected [Demo Web Shop. Books] but found [Demo Web Shop]">
      <![CDATA[java.lang.AssertionError: Books page is not displayed expected [Demo Web Shop. Books] but found [Demo Web Shop]
at books.TC_DWS_001_Test.clickOnBooks(TC_DWS_001_Test.java:19)
at java.base/java.util.ArrayList.forEach(ArrayList.java:1511)
... Removed 32 stack frames]]>
    </failure>
  </testcase> <!-- clickOnBooks -->
  <testcase classname="computers.TC_DWS_021_Test" name="clickOnComputers" time="0.804"/>
  <testcase classname="genericutility.BaseClass" name="@BeforeSuite reportConfig" time="0.0">
    <ignored/>
  </testcase> <!-- @BeforeSuite reportConfig -->
  <testcase classname="genericutility.BaseClass" name="@AfterSuite reportBackup" time="0.0">
    <ignored/>
  </testcase> <!-- @AfterSuite reportBackup -->
</testsuite> <!-- Test -->
